#
# There is insufficient memory for the Java Runtime Environment to continue.
# Native memory allocation (mmap) failed to map 2064384 bytes. Error detail: G1 virtual space
# Possible reasons:
#   The system is out of physical RAM or swap space
#   This process is running with CompressedOops enabled, and the Java Heap may be blocking the growth of the native heap
# Possible solutions:
#   Reduce memory load on the system
#   Increase physical memory or swap space
#   Check if swap backing store is full
#   Decrease Java heap size (-Xmx/-Xms)
#   Decrease number of Java threads
#   Decrease Java thread stack sizes (-Xss)
#   Set larger code cache with -XX:ReservedCodeCacheSize=
#   JVM is running with Unscaled Compressed Oops mode in which the Java heap is
#     placed in the first 4GB address space. The Java Heap base address is the
#     maximum limit for the native heap growth. Please use -XX:HeapBaseMinAddress
#     to set the Java Heap base and to place the Java Heap above 4GB virtual address.
# This output file may be truncated or incomplete.
#
#  Out of Memory Error (os_windows.cpp:3631), pid=18912, tid=21176
#
# JRE version:  (22.0.1+8) (build )
# Java VM: Java HotSpot(TM) 64-Bit Server VM (22.0.1+8-16, mixed mode, sharing, tiered, compressed oops, compressed class ptrs, g1 gc, windows-amd64)
# No core dump will be written. Minidumps are not enabled by default on client versions of Windows
#

---------------  S U M M A R Y ------------

Command Line: -Dfile.encoding=UTF-8 --module-path=C:\Users\Ansul sharma\Documents\NetBeansProjects\bank management system\build\classes bank.management.system.SignUpOne

Host: Intel(R) Core(TM) i5-10210U CPU @ 1.60GHz, 8 cores, 7G,  Windows 11 , 64 bit Build 22621 (10.0.22621.3672)
Time: Mon Aug  5 23:04:46 2024 India Standard Time elapsed time: 0.013697 seconds (0d 0h 0m 0s)

---------------  T H R E A D  ---------------

Current thread (0x0000026b4ac56e00):  JavaThread "Unknown thread" [_thread_in_vm, id=21176, stack(0x000000f900800000,0x000000f900900000) (1024K)]

Stack: [0x000000f900800000,0x000000f900900000]
Native frames: (J=compiled Java code, j=interpreted, Vv=VM code, C=native code)
V  [jvm.dll+0x6e2279]  (no source info available)
V  [jvm.dll+0x874e33]  (no source info available)
V  [jvm.dll+0x87725e]  (no source info available)
V  [jvm.dll+0x877933]  (no source info available)
V  [jvm.dll+0x27fd76]  (no source info available)
V  [jvm.dll+0x6de915]  (no source info available)
V  [jvm.dll+0x6d341a]  (no source info available)
V  [jvm.dll+0x3589da]  (no source info available)
V  [jvm.dll+0x360f06]  (no source info available)
V  [jvm.dll+0x3b3e43]  (no source info available)
V  [jvm.dll+0x3b40d8]  (no source info available)
V  [jvm.dll+0x32c59c]  (no source info available)
V  [jvm.dll+0x32d158]  (no source info available)
V  [jvm.dll+0x83ccdc]  (no source info available)
V  [jvm.dll+0x3c0d71]  (no source info available)
V  [jvm.dll+0x825ccc]  (no source info available)
V  [jvm.dll+0x45b8fe]  (no source info available)
V  [jvm.dll+0x45d781]  (no source info available)
C  [jli.dll+0x52a3]  (no source info available)
C  [ucrtbase.dll+0x29333]  (no source info available)
C  [KERNEL32.DLL+0x1257d]  (no source info available)
C  [ntdll.dll+0x5af28]  (no source info available)


---------------  P R O C E S S  ---------------

Threads class SMR info:
_java_thread_list=0x00007ffcc697b1c8, length=0, elements={
}

Java Threads: ( => current thread )
Total: 0

Other Threads:
  0x0000026b4cf1e560 WorkerThread "GC Thread#0"                     [id=17592, stack(0x000000f900900000,0x000000f900a00000) (1024K)]
  0x0000026b4cf30210 ConcurrentGCThread "G1 Main Marker"            [id=13252, stack(0x000000f900a00000,0x000000f900b00000) (1024K)]
  0x0000026b4cf30d20 WorkerThread "G1 Conc#0"                       [id=13704, stack(0x000000f900b00000,0x000000f900c00000) (1024K)]

[error occurred during error reporting (printing all threads), id 0xc0000005, EXCEPTION_ACCESS_VIOLATION (0xc0000005) at pc=0x00007ffcc60cf367]
VM state: not at safepoint (not fully initialized)

VM Mutex/Monitor currently owned by a thread:  ([mutex/lock_event])
[0x00007ffcc69fbcb8] Heap_lock - owner thread: 0x0000026b4ac56e00

Heap address: 0x0000000082c00000, size: 2004 MB, Compressed Oops mode: 32-bit

CDS archive(s) mapped at: [0x0000000000000000-0x0000000000000000-0x0000000000000000), size 0, SharedBaseAddress: 0x0000000800000000, ArchiveRelocationMode: 1.
Narrow klass base: 0x0000000000000000, Narrow klass shift: 0, Narrow klass range: 0x0

GC Precious Log:
 CardTable entry size: 512
 Card Set container configuration: InlinePtr #cards 5 size 8 Array Of Cards #cards 12 size 40 Howl #buckets 4 coarsen threshold 1843 Howl Bitmap #cards 512 size 80 coarsen threshold 460 Card regions per heap region 1 cards per card region 2048

Heap:
 garbage-first heap   total reserved 2052096K, committed 0K, used 0K [0x0000000082c00000, 0x0000000100000000)
  region size 1024K, 0 young (0K), 0 survivors (0K)

[error occurred during error reporting (printing heap information), id 0xc0000005, EXCEPTION_ACCESS_VIOLATION (0xc0000005) at pc=0x00007ffcc64ce429]
GC Heap History (0 events):
No events

Dll operation events (1 events):
Event: 0.009 Loaded shared library C:\Program Files\Java\jdk-22\bin\java.dll

Deoptimization events (0 events):
No events

Classes loaded (0 events):
No events

Classes unloaded (0 events):
No events

Classes redefined (0 events):
No events

Internal exceptions (0 events):
No events

ZGC Phase Switch (0 events):
No events

VM Operations (0 events):
No events

Events (0 events):
No events


Dynamic libraries:
0x00007ff643240000 - 0x00007ff643250000 	C:\Program Files\Java\jdk-22\bin\java.exe
0x00007ffd295f0000 - 0x00007ffd29807000 	C:\WINDOWS\SYSTEM32\ntdll.dll
0x00007ffd277e0000 - 0x00007ffd278a4000 	C:\WINDOWS\System32\KERNEL32.DLL
0x00007ffd26cf0000 - 0x00007ffd2709d000 	C:\WINDOWS\System32\KERNELBASE.dll
0x00007ffd1e6c0000 - 0x00007ffd1e757000 	C:\WINDOWS\SYSTEM32\apphelp.dll
0x00007ffd26b30000 - 0x00007ffd26c41000 	C:\WINDOWS\System32\ucrtbase.dll
0x00007ffd07860000 - 0x00007ffd0787b000 	C:\Program Files\Java\jdk-22\bin\VCRUNTIME140.dll
0x00007ffd18160000 - 0x00007ffd18177000 	C:\Program Files\Java\jdk-22\bin\jli.dll
0x00007ffd27a70000 - 0x00007ffd27b22000 	C:\WINDOWS\System32\ADVAPI32.dll
0x00007ffd291f0000 - 0x00007ffd29297000 	C:\WINDOWS\System32\msvcrt.dll
0x00007ffd27650000 - 0x00007ffd276f9000 	C:\WINDOWS\System32\sechost.dll
0x00007ffd271c0000 - 0x00007ffd271e8000 	C:\WINDOWS\System32\bcrypt.dll
0x00007ffd278e0000 - 0x00007ffd279f4000 	C:\WINDOWS\System32\RPCRT4.dll
0x00007ffd28810000 - 0x00007ffd289be000 	C:\WINDOWS\System32\USER32.dll
0x00007ffd26cc0000 - 0x00007ffd26ce6000 	C:\WINDOWS\System32\win32u.dll
0x00007ffcfeb00000 - 0x00007ffcfed93000 	C:\WINDOWS\WinSxS\amd64_microsoft.windows.common-controls_6595b64144ccf1df_6.0.22621.3672_none_2713b9d173822955\COMCTL32.dll
0x00007ffd27a40000 - 0x00007ffd27a69000 	C:\WINDOWS\System32\GDI32.dll
0x00007ffd270a0000 - 0x00007ffd271b9000 	C:\WINDOWS\System32\gdi32full.dll
0x00007ffd26a90000 - 0x00007ffd26b2a000 	C:\WINDOWS\System32\msvcp_win.dll
0x00007ffd1ba20000 - 0x00007ffd1ba2a000 	C:\WINDOWS\SYSTEM32\VERSION.dll
0x00007ffd27a00000 - 0x00007ffd27a31000 	C:\WINDOWS\System32\IMM32.DLL
0x00007ffd08ed0000 - 0x00007ffd08edc000 	C:\Program Files\Java\jdk-22\bin\vcruntime140_1.dll
0x00007ffcf49d0000 - 0x00007ffcf4a5e000 	C:\Program Files\Java\jdk-22\bin\msvcp140.dll
0x00007ffcc5d90000 - 0x00007ffcc6ad7000 	C:\Program Files\Java\jdk-22\bin\server\jvm.dll
0x00007ffd28bd0000 - 0x00007ffd28c41000 	C:\WINDOWS\System32\WS2_32.dll
0x00007ffd25770000 - 0x00007ffd257bd000 	C:\WINDOWS\SYSTEM32\POWRPROF.dll
0x00007ffd1d530000 - 0x00007ffd1d564000 	C:\WINDOWS\SYSTEM32\WINMM.dll
0x00007ffd25750000 - 0x00007ffd25763000 	C:\WINDOWS\SYSTEM32\UMPDC.dll
0x00007ffd25a00000 - 0x00007ffd25a18000 	C:\WINDOWS\SYSTEM32\kernel.appcore.dll
0x00007ffd08dc0000 - 0x00007ffd08dca000 	C:\Program Files\Java\jdk-22\bin\jimage.dll
0x00007ffd21170000 - 0x00007ffd213a2000 	C:\WINDOWS\SYSTEM32\DBGHELP.DLL
0x00007ffd28480000 - 0x00007ffd28808000 	C:\WINDOWS\System32\combase.dll
0x00007ffd27700000 - 0x00007ffd277d7000 	C:\WINDOWS\System32\OLEAUT32.dll
0x00007ffd1ac30000 - 0x00007ffd1ac62000 	C:\WINDOWS\SYSTEM32\dbgcore.DLL
0x00007ffd271f0000 - 0x00007ffd2726b000 	C:\WINDOWS\System32\bcryptPrimitives.dll
0x00007ffd05310000 - 0x00007ffd0532e000 	C:\Program Files\Java\jdk-22\bin\java.dll
0x00007ffd27c20000 - 0x00007ffd2847f000 	C:\WINDOWS\System32\SHELL32.dll
0x00007ffd289d0000 - 0x00007ffd28b75000 	C:\WINDOWS\System32\ole32.dll

dbghelp: loaded successfully - version: 4.0.5 - missing functions: none
symbol engine: initialized successfully - sym options: 0x614 - pdb path: .;C:\Program Files\Java\jdk-22\bin;C:\WINDOWS\SYSTEM32;C:\WINDOWS\WinSxS\amd64_microsoft.windows.common-controls_6595b64144ccf1df_6.0.22621.3672_none_2713b9d173822955;C:\Program Files\Java\jdk-22\bin\server

VM Arguments:
jvm_args: -Dfile.encoding=UTF-8 --module-path=C:\Users\Ansul sharma\Documents\NetBeansProjects\bank management system\build\classes 
java_command: bank.management.system.SignUpOne
java_class_path (initial): C:\Users\Ansul sharma\Documents\NetBeansProjects\bank management system\build\classes
Launcher Type: SUN_STANDARD

[Global flags]
     intx CICompilerCount                          = 4                                         {product} {ergonomic}
     uint ConcGCThreads                            = 2                                         {product} {ergonomic}
     uint G1ConcRefinementThreads                  = 8                                         {product} {ergonomic}
   size_t G1HeapRegionSize                         = 1048576                                   {product} {ergonomic}
   size_t InitialHeapSize                          = 132120576                                 {product} {ergonomic}
   size_t MarkStackSize                            = 4194304                                   {product} {ergonomic}
   size_t MaxHeapSize                              = 2101346304                                {product} {ergonomic}
   size_t MinHeapDeltaBytes                        = 1048576                                   {product} {ergonomic}
   size_t MinHeapSize                              = 8388608                                   {product} {ergonomic}
    uintx NonNMethodCodeHeapSize                   = 5839372                                {pd product} {ergonomic}
    uintx NonProfiledCodeHeapSize                  = 122909434                              {pd product} {ergonomic}
    uintx ProfiledCodeHeapSize                     = 122909434                              {pd product} {ergonomic}
    uintx ReservedCodeCacheSize                    = 251658240                              {pd product} {ergonomic}
     bool SegmentedCodeCache                       = true                                      {product} {ergonomic}
   size_t SoftMaxHeapSize                          = 2101346304                             {manageable} {ergonomic}
     bool UseCompressedOops                        = true                           {product lp64_product} {ergonomic}
     bool UseG1GC                                  = true                                      {product} {ergonomic}
     bool UseLargePagesIndividualAllocation        = false                                  {pd product} {ergonomic}

Logging:
Log output configuration:
 #0: stdout all=warning uptime,level,tags foldmultilines=false
 #1: stderr all=off uptime,level,tags foldmultilines=false

Environment Variables:
JAVA_HOME=C:\Program Files\Java\jdk-22
PATH=C:\Program Files\Common Files\Oracle\Java\javapath;C:\Windows\system32;C:\Windows;C:\Windows\System32\Wbem;C:\Windows\System32\WindowsPowerShell\v1.0\;C:\Windows\System32\OpenSSH\;C:\Program Files (x86)\NVIDIA Corporation\PhysX\Common;C:\WINDOWS\system32;C:\WINDOWS;C:\WINDOWS\System32\Wbem;C:\WINDOWS\System32\WindowsPowerShell\v1.0\;C:\WINDOWS\System32\OpenSSH\;C:\Program Files\NVIDIA Corporation\NVIDIA NvDLISR;C:\WINDOWS\system32;C:\WINDOWS;C:\WINDOWS\System32\Wbem;C:\WINDOWS\System32\WindowsPowerShell\v1.0\;C:\WINDOWS\System32\OpenSSH\;C:\Users\Ansul sharma\Downloads\platform-tools_r34.0.1-windows;C:\android\sdk\platform-tools;C:\MinGW\bin;C:\Program Files\Git\cmd;C:\Apachemaven\apache-maven-3.9.8\bin;C:\Program Files\MySQL\MySQL Shell 8.0\bin\;C:\Program Files\Java\jdk-14.0.2\bin;C:\Users\Ansul sharma\AppData\Local\Microsoft\WindowsApps;D:\VS code\Microsoft VS Code\bin;C:\Apachemaven\apache-maven-3.9.8\bin;;D:\New folder (2)\IntelliJ IDEA Community Edition 2024.1.4\bin;
USERNAME=Ansul sharma
OS=Windows_NT
PROCESSOR_IDENTIFIER=Intel64 Family 6 Model 142 Stepping 12, GenuineIntel
TMP=C:\Users\ANSULS~1\AppData\Local\Temp
TEMP=C:\Users\ANSULS~1\AppData\Local\Temp




Periodic native trim disabled

---------------  S Y S T E M  ---------------

OS:
 Windows 11 , 64 bit Build 22621 (10.0.22621.3672)
OS uptime: 3 days 4:23 hours
Hyper-V role detected

CPU: total 8 (initial active 8) (4 cores per cpu, 2 threads per core) family 6 model 142 stepping 12 microcode 0xde, cx8, cmov, fxsr, ht, mmx, 3dnowpref, sse, sse2, sse3, ssse3, sse4.1, sse4.2, popcnt, lzcnt, tsc, tscinvbit, avx, avx2, aes, erms, clmul, bmi1, bmi2, adx, fma, vzeroupper, clflush, clflushopt, hv, rdtscp, f16c
Processor Information for all 8 processors :
  Max Mhz: 2112, Current Mhz: 1609, Mhz Limit: 1605

Memory: 4k page, system-wide physical 8013M (733M free)
TotalPageFile size 28641M (AvailPageFile size 5M)
current process WorkingSet (physical memory assigned to process): 13M, peak: 13M
current process commit charge ("private bytes"): 187M, peak: 188M

vm_info: Java HotSpot(TM) 64-Bit Server VM (22.0.1+8-16) for windows-amd64 JRE (22.0.1+8-16), built on 2024-03-12T10:33:16Z by "mach5one" with MS VC++ 17.6 (VS2022)

END.
